\BOOKMARK [0][-]{section*.1}{Contents}{}% 1
\BOOKMARK [0][-]{chapter.1}{Some Underlying Geometric Notions}{}% 2
\BOOKMARK [1][-]{section.1.1}{Homotopy and Homotopy Type}{chapter.1}% 3
\BOOKMARK [1][-]{section.1.2}{Operations on Spaces}{chapter.1}% 4
\BOOKMARK [1][-]{section.1.3}{The Homotopy Extension Property}{chapter.1}% 5
\BOOKMARK [0][-]{chapter.2}{The Fundamental Group}{}% 6
\BOOKMARK [1][-]{section.2.1}{Basic Constructions}{chapter.2}% 7
\BOOKMARK [1][-]{section.2.2}{Van Kampen's Theorem}{chapter.2}% 8
\BOOKMARK [1][-]{section.2.3}{Covering Spaces}{chapter.2}% 9
\BOOKMARK [1][-]{section.2.4}{Additional Topics}{chapter.2}% 10
\BOOKMARK [0][-]{chapter.3}{Homology}{}% 11
\BOOKMARK [1][-]{section.3.1}{Simplicial and Singular Homology}{chapter.3}% 12
\BOOKMARK [1][-]{section.3.2}{Computations and Applications}{chapter.3}% 13
\BOOKMARK [1][-]{section.3.3}{The Formal Viewpoint}{chapter.3}% 14
\BOOKMARK [1][-]{section.3.4}{Additional Topics}{chapter.3}% 15
\BOOKMARK [0][-]{chapter.4}{Cohomology}{}% 16
\BOOKMARK [1][-]{section.4.1}{Cohomology Groups}{chapter.4}% 17
\BOOKMARK [1][-]{section.4.2}{Cup Product}{chapter.4}% 18
\BOOKMARK [1][-]{section.4.3}{Poincaré Duality}{chapter.4}% 19
\BOOKMARK [1][-]{section.4.4}{Additional Topics}{chapter.4}% 20
