\BOOKMARK [0][-]{section*.1}{Contents}{}% 1
\BOOKMARK [0][-]{chapter.1}{Metric Spaces}{}% 2
\BOOKMARK [1][-]{section.1.1}{Open and closed sets}{chapter.1}% 3
\BOOKMARK [1][-]{section.1.2}{Completeness}{chapter.1}% 4
\BOOKMARK [1][-]{section.1.3}{The real line}{chapter.1}% 5
\BOOKMARK [1][-]{section.1.4}{Products of metric spaces}{chapter.1}% 6
\BOOKMARK [1][-]{section.1.5}{Compactness}{chapter.1}% 7
\BOOKMARK [1][-]{section.1.6}{Continuous functions}{chapter.1}% 8
\BOOKMARK [0][-]{chapter.2}{Topological Spaces}{}% 9
\BOOKMARK [1][-]{section.2.1}{Topological spaces}{chapter.2}% 10
\BOOKMARK [1][-]{section.2.2}{Subspaces}{chapter.2}% 11
\BOOKMARK [1][-]{section.2.3}{Continuous functions}{chapter.2}% 12
\BOOKMARK [1][-]{section.2.4}{Base for a topology}{chapter.2}% 13
\BOOKMARK [1][-]{section.2.5}{Separation axioms}{chapter.2}% 14
\BOOKMARK [1][-]{section.2.6}{Compactness}{chapter.2}% 15
\BOOKMARK [1][-]{section.2.7}{Locally compact spaces}{chapter.2}% 16
\BOOKMARK [1][-]{section.2.8}{Connectedness}{chapter.2}% 17
\BOOKMARK [1][-]{section.2.9}{Path connectedness}{chapter.2}% 18
\BOOKMARK [1][-]{section.2.10}{Finite product spaces}{chapter.2}% 19
\BOOKMARK [1][-]{section.2.11}{Set theory and Zorn's lemma}{chapter.2}% 20
\BOOKMARK [1][-]{section.2.12}{Infinite product spaces}{chapter.2}% 21
\BOOKMARK [1][-]{section.2.13}{Quotient spaces}{chapter.2}% 22
\BOOKMARK [0][-]{chapter.3}{Homotopy Theory}{}% 23
\BOOKMARK [1][-]{section.3.1}{Homotopic paths}{chapter.3}% 24
\BOOKMARK [1][-]{section.3.2}{The fundamental group}{chapter.3}% 25
\BOOKMARK [1][-]{section.3.3}{Induced homomorphism}{chapter.3}% 26
\BOOKMARK [1][-]{section.3.4}{Covering spaces}{chapter.3}% 27
