\BOOKMARK [0][-]{section*.1}{Contents}{}% 1
\BOOKMARK [0][-]{chapter.1}{MA557 Notes \(Fall 2015\)}{}% 2
\BOOKMARK [1][-]{section.1.1}{Lecture 1 \(August 24, 2015\)}{chapter.1}% 3
\BOOKMARK [1][-]{section.1.2}{}{chapter.1}% 4
\BOOKMARK [1][-]{section.1.3}{}{chapter.1}% 5
\BOOKMARK [1][-]{section.1.4}{}{chapter.1}% 6
\BOOKMARK [1][-]{section.1.5}{}{chapter.1}% 7
\BOOKMARK [1][-]{section.1.6}{}{chapter.1}% 8
\BOOKMARK [1][-]{section.1.7}{}{chapter.1}% 9
\BOOKMARK [1][-]{section.1.8}{}{chapter.1}% 10
\BOOKMARK [0][-]{chapter.2}{MA571 Notes \(Fall 2015\)}{}% 11
\BOOKMARK [1][-]{section.2.1}{Lecture 1}{chapter.2}% 12
\BOOKMARK [1][-]{section.2.2}{}{chapter.2}% 13
\BOOKMARK [1][-]{section.2.3}{}{chapter.2}% 14
\BOOKMARK [1][-]{section.2.4}{}{chapter.2}% 15
\BOOKMARK [1][-]{section.2.5}{}{chapter.2}% 16
\BOOKMARK [1][-]{section.2.6}{}{chapter.2}% 17
\BOOKMARK [1][-]{section.2.7}{}{chapter.2}% 18
\BOOKMARK [1][-]{section.2.8}{}{chapter.2}% 19
\BOOKMARK [0][-]{chapter.3}{Kaufmann's 571 Problems}{}% 20
\BOOKMARK [1][-]{section.3.1}{Midterm \(Fall 2014\)}{chapter.3}% 21
\BOOKMARK [1][-]{section.3.2}{Final \(Fall 2014\)}{chapter.3}% 22
\BOOKMARK [0][-]{chapter.4}{MA692 \(Wavelets and Approximation Theory\) Notes \(Fall 2015\)}{}% 23
\BOOKMARK [1][-]{section.4.1}{Lecture 1}{chapter.4}% 24
\BOOKMARK [1][-]{section.4.2}{Lecture }{chapter.4}% 25
\BOOKMARK [1][-]{section.4.3}{Lecture }{chapter.4}% 26
\BOOKMARK [1][-]{section.4.4}{Lecture }{chapter.4}% 27
\BOOKMARK [1][-]{section.4.5}{Lecture }{chapter.4}% 28
\BOOKMARK [1][-]{section.4.6}{Lecture }{chapter.4}% 29
\BOOKMARK [1][-]{section.4.7}{Lecture }{chapter.4}% 30
\BOOKMARK [1][-]{section.4.8}{Lecture }{chapter.4}% 31
